<?xml version="1.0" encoding="UTF-8"?>
<!-- Generated by org.testng.reporters.JUnitReportReporter -->
<testsuite skipped="0" hostname="LAPTOP-PP7LTPN0" name="kdf.Application" tests="1" failures="0" timestamp="11 Jan 2020 17:31:46 GMT" time="123.827" errors="0">
  <testcase name="invalidLoginTest" time="123.827" classname="kdf.Application"/>
</testsuite> <!-- kdf.Application -->
