<?xml version="1.0" encoding="UTF-8"?>
<!-- Generated by org.testng.reporters.JUnitReportReporter -->
<testsuite skipped="0" hostname="LAPTOP-PP7LTPN0" name="com.demoaut.newtours.TestScript.VerifyInvalidLoginTest" tests="1" failures="0" timestamp="05 Jan 2020 17:25:42 GMT" time="31.864" errors="0">
  <testcase name="verifyInvalidLogin" time="31.864" classname="com.demoaut.newtours.TestScript.VerifyInvalidLoginTest"/>
</testsuite> <!-- com.demoaut.newtours.TestScript.VerifyInvalidLoginTest -->
